<?xml version="1.0" encoding="UTF-8"?>
<!-- Generated by org.testng.reporters.JUnitXMLReporter -->
<testsuite ignored="0" hostname="HTPD-912" failures="0" tests="3" name="Default test" time="63.598" errors="0" timestamp="2020-04-30T18:43:19 IST">
  <testcase classname="seleniumTest.AppTest" name="loginInvalid" time="50.619"/>
  <testcase classname="seleniumTest.AppTest" name="loginValid" time="4.622"/>
  <testcase classname="seleniumTest.AppTest" name="tearDown" time="0.156"/>
</testsuite> <!-- Default test -->
