<?xml version="1.0" encoding="UTF-8"?>
<testng-results ignored="0" total="3" passed="3" failed="0" skipped="0">
  <reporter-output>
  </reporter-output>
  <suite started-at="2020-04-30T18:42:15 IST" name="Default suite" finished-at="2020-04-30T18:43:19 IST" duration-ms="63598">
    <groups>
    </groups>
    <test started-at="2020-04-30T18:42:15 IST" name="Default test" finished-at="2020-04-30T18:43:19 IST" duration-ms="63598">
      <class name="seleniumTest.AppTest">
        <test-method is-config="true" signature="openUrl()[pri:0, instance:seleniumTest.AppTest@1ed6388a]" started-at="2020-04-30T18:42:15 IST" name="openUrl" finished-at="2020-04-30T18:42:23 IST" duration-ms="8154" status="PASS">
          <reporter-output>
          </reporter-output>
        </test-method> <!-- openUrl -->
        <test-method signature="loginInvalid()[pri:1, instance:seleniumTest.AppTest@1ed6388a]" started-at="2020-04-30T18:42:23 IST" name="loginInvalid" finished-at="2020-04-30T18:43:14 IST" duration-ms="50619" status="PASS">
          <reporter-output>
          </reporter-output>
        </test-method> <!-- loginInvalid -->
        <test-method signature="loginValid()[pri:2, instance:seleniumTest.AppTest@1ed6388a]" started-at="2020-04-30T18:43:14 IST" name="loginValid" finished-at="2020-04-30T18:43:19 IST" duration-ms="4622" status="PASS">
          <reporter-output>
          </reporter-output>
        </test-method> <!-- loginValid -->
        <test-method signature="tearDown()[pri:3, instance:seleniumTest.AppTest@1ed6388a]" started-at="2020-04-30T18:43:19 IST" name="tearDown" finished-at="2020-04-30T18:43:19 IST" duration-ms="156" status="PASS">
          <reporter-output>
          </reporter-output>
        </test-method> <!-- tearDown -->
      </class> <!-- seleniumTest.AppTest -->
    </test> <!-- Default test -->
  </suite> <!-- Default suite -->
</testng-results>
